[debug] [2024-09-30T14:43:15.703Z] ----------------------------------------------------------------------
[debug] [2024-09-30T14:43:15.706Z] Command:       C:\Program Files\nodejs\node.exe C:\Users\cirri\AppData\Roaming\npm\node_modules\firebase-tools\lib\bin\firebase.js init
[debug] [2024-09-30T14:43:15.707Z] CLI Version:   13.20.1
[debug] [2024-09-30T14:43:15.707Z] Platform:      win32
[debug] [2024-09-30T14:43:15.707Z] Node Version:  v20.12.2
[debug] [2024-09-30T14:43:15.707Z] Time:          Mon Sep 30 2024 11:43:15 GMT-0300 (hora estándar de Argentina)
[debug] [2024-09-30T14:43:15.707Z] ----------------------------------------------------------------------
[debug] 
[debug] [2024-09-30T14:43:15.715Z] > command requires scopes: ["email","openid","https://www.googleapis.com/auth/cloudplatformprojects.readonly","https://www.googleapis.com/auth/firebase","https://www.googleapis.com/auth/cloud-platform"]
[debug] [2024-09-30T14:43:15.716Z] > authorizing via signed-in user (giovannicirrincione22@gmail.com)
[info] 
     ######## #### ########  ######## ########     ###     ######  ########
     ##        ##  ##     ## ##       ##     ##  ##   ##  ##       ##
     ######    ##  ########  ######   ########  #########  ######  ######
     ##        ##  ##    ##  ##       ##     ## ##     ##       ## ##
     ##       #### ##     ## ######## ########  ##     ##  ######  ########

You're about to initialize a Firebase project in this directory:

  C:\Users\cirri\tp7_isw_fe

[info] 
=== Project Setup
[info] 
[info] First, let's associate this project directory with a Firebase project.
[info] You can create multiple project aliases by running firebase use --add, 
[info] but for now we'll just set up a default project.
[info] 
[debug] [2024-09-30T14:43:22.535Z] Checked if tokens are valid: true, expires at: 1727710603425
[debug] [2024-09-30T14:43:22.535Z] Checked if tokens are valid: true, expires at: 1727710603425
[debug] [2024-09-30T14:43:22.538Z] >>> [apiv2][query] GET https://firebase.googleapis.com/v1beta1/projects pageSize=100
[debug] [2024-09-30T14:43:23.278Z] <<< [apiv2][status] GET https://firebase.googleapis.com/v1beta1/projects 200
[debug] [2024-09-30T14:43:23.278Z] <<< [apiv2][body] GET https://firebase.googleapis.com/v1beta1/projects [omitted]
[info] i  Using project tp7iswde (tp7iswde) 
[info] 
=== Hosting Setup
[debug] [2024-09-30T14:43:36.970Z] Checked if tokens are valid: true, expires at: 1727710603425
[debug] [2024-09-30T14:43:36.970Z] Checked if tokens are valid: true, expires at: 1727710603425
[debug] [2024-09-30T14:43:36.970Z] >>> [apiv2][query] GET https://firebase.googleapis.com/v1beta1/projects/tp7iswde [none]
[debug] [2024-09-30T14:43:37.330Z] <<< [apiv2][status] GET https://firebase.googleapis.com/v1beta1/projects/tp7iswde 200
[debug] [2024-09-30T14:43:37.330Z] <<< [apiv2][body] GET https://firebase.googleapis.com/v1beta1/projects/tp7iswde {"projectId":"tp7iswde","projectNumber":"900144180193","displayName":"tp7iswde","name":"projects/tp7iswde","resources":{"hostingSite":"tp7iswde"},"state":"ACTIVE","etag":"1_0696b641-1c42-4c5c-b02b-b26e055c9928"}
[info] 
[info] Your public directory is the folder (relative to your project directory) that
[info] will contain Hosting assets to be uploaded with firebase deploy. If you
[info] have a build process for your assets, use your build's output directory.
[info] 
[debug] [2024-09-30T14:43:56.292Z] >>> [apiv2][query] GET https://www.gstatic.com/firebasejs/releases.json [none]
[debug] [2024-09-30T14:43:56.446Z] <<< [apiv2][status] GET https://www.gstatic.com/firebasejs/releases.json 200
[debug] [2024-09-30T14:43:56.447Z] <<< [apiv2][body] GET https://www.gstatic.com/firebasejs/releases.json {"current":{"version":"10.13.2","browserURL":"https://www.gstatic.com/firebasejs/10.13.2/firebase.js","packageURL":"https://www.gstatic.com/firebasejs/10.13.2/firebase.tgz"},"live":{"version":"10.13","browserURL":"https://www.gstatic.com/firebasejs/live/10.13/firebase.js","packageURL":"https://www.gstatic.com/firebasejs/live/10.13/firebase.tgz"},"components":{"analytics":"https://www.gstatic.com/firebasejs/10.13.2/firebase-analytics.js","app":"https://www.gstatic.com/firebasejs/10.13.2/firebase-app.js","app-check":"https://www.gstatic.com/firebasejs/10.13.2/firebase-app-check.js","auth":"https://www.gstatic.com/firebasejs/10.13.2/firebase-auth.js","auth/cordova":"https://www.gstatic.com/firebasejs/10.13.2/firebase-auth/cordova.js","auth/web-extension":"https://www.gstatic.com/firebasejs/10.13.2/firebase-auth/web-extension.js","functions":"https://www.gstatic.com/firebasejs/10.13.2/firebase-functions.js","firestore":"https://www.gstatic.com/firebasejs/10.13.2/firebase-firestore.js","firestore/lite":"https://www.gstatic.com/firebasejs/10.13.2/firebase-firestore/lite.js","installations":"https://www.gstatic.com/firebasejs/10.13.2/firebase-installations.js","storage":"https://www.gstatic.com/firebasejs/10.13.2/firebase-storage.js","performance":"https://www.gstatic.com/firebasejs/10.13.2/firebase-performance.js","remote-config":"https://www.gstatic.com/firebasejs/10.13.2/firebase-remote-config.js","messaging":"https://www.gstatic.com/firebasejs/10.13.2/firebase-messaging.js","messaging/sw":"https://www.gstatic.com/firebasejs/10.13.2/firebase-messaging/sw.js","database":"https://www.gstatic.com/firebasejs/10.13.2/firebase-database.js","vertexai-preview":"https://www.gstatic.com/firebasejs/10.13.2/firebase-vertexai-preview.js","firestore.memory":"https://www.gstatic.com/firebasejs/10.13.2/firebase-firestore.memory.js"}}
[info] +  Wrote build/index.html 
[info] 
[info] i  Detected a .git folder at C:\Users\cirri 
[info] i  Authorizing with GitHub to upload your service account to a GitHub repository's secrets store. 
[info] 
[info] Visit this URL on this device to log in:
[info] https://github.com/login/oauth/authorize?client_id=89cf50f02ac6aaed3484&state=225167626&redirect_uri=http%3A%2F%2Flocalhost%3A9005&scope=read%3Auser%20repo%20public_repo
[info] 
[info] Waiting for authentication...
[debug] [2024-09-30T14:44:13.755Z] >>> [apiv2][query] POST https://github.com/login/oauth/access_token [none]
[debug] [2024-09-30T14:44:13.755Z] >>> [apiv2][body] POST https://github.com/login/oauth/access_token [stream]
[debug] [2024-09-30T14:44:14.753Z] <<< [apiv2][status] POST https://github.com/login/oauth/access_token 200
[debug] [2024-09-30T14:44:14.753Z] <<< [apiv2][body] POST https://github.com/login/oauth/access_token {"access_token":"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","token_type":"bearer","scope":"read:user,repo"}
[debug] [2024-09-30T14:44:14.952Z] >>> [apiv2][query] GET https://api.github.com/user [none]
[debug] [2024-09-30T14:44:15.508Z] <<< [apiv2][status] GET https://api.github.com/user 200
[debug] [2024-09-30T14:44:15.508Z] <<< [apiv2][body] GET https://api.github.com/user {"login":"giovannicirrincione","id":61981341,"node_id":"MDQ6VXNlcjYxOTgxMzQx","avatar_url":"https://avatars.githubusercontent.com/u/61981341?v=4","gravatar_id":"","url":"https://api.github.com/users/giovannicirrincione","html_url":"https://github.com/giovannicirrincione","followers_url":"https://api.github.com/users/giovannicirrincione/followers","following_url":"https://api.github.com/users/giovannicirrincione/following{/other_user}","gists_url":"https://api.github.com/users/giovannicirrincione/gists{/gist_id}","starred_url":"https://api.github.com/users/giovannicirrincione/starred{/owner}{/repo}","subscriptions_url":"https://api.github.com/users/giovannicirrincione/subscriptions","organizations_url":"https://api.github.com/users/giovannicirrincione/orgs","repos_url":"https://api.github.com/users/giovannicirrincione/repos","events_url":"https://api.github.com/users/giovannicirrincione/events{/privacy}","received_events_url":"https://api.github.com/users/giovannicirrincione/received_events","type":"User","site_admin":false,"name":null,"company":null,"blog":"","location":null,"email":null,"hireable":null,"bio":null,"twitter_username":null,"notification_email":null,"public_repos":29,"public_gists":0,"followers":0,"following":0,"created_at":"2020-03-09T15:24:38Z","updated_at":"2024-09-30T14:44:09Z","private_gists":0,"total_private_repos":4,"owned_private_repos":4,"disk_usage":230901,"collaborators":0,"two_factor_authentication":false,"plan":{"name":"free","space":976562499,"collaborators":0,"private_repos":10000}}
[info] 
[info] +  Success! Logged into GitHub as giovannicirrincione 
[info] 
